<?xml version="1.0" encoding="UTF-8"?>
<!-- Generated by org.testng.reporters.JUnitReportReporter -->
<testsuite hostname="S081" failures="0" tests="2" name="E2EProjectOne.Homepage" time="70.982" errors="0" timestamp="2022-04-06T14:07:49 IST" skipped="0">
  <testcase classname="E2EProjectOne.Homepage" name="homePageNavigation" time="54.227"/>
  <system-out/>
  <testcase classname="E2EProjectOne.Homepage" name="homePageNavigation" time="16.755"/>
  <system-out/>
</testsuite> <!-- E2EProjectOne.Homepage -->
