<?xml version="1.0" encoding="UTF-8"?>
<!-- Generated by org.testng.reporters.JUnitReportReporter -->
<testsuite hostname="S081" failures="0" tests="2" name="E2EProjectOne.atlasLoginFunction" time="6.649" errors="0" timestamp="2022-04-06T14:08:15 IST" skipped="0">
  <testcase classname="E2EProjectOne.atlasLoginFunction" name="atlasUserLogin" time="3.930"/>
  <system-out/>
  <testcase classname="E2EProjectOne.atlasLoginFunction" name="atlasUserLogin" time="2.719"/>
  <system-out/>
</testsuite> <!-- E2EProjectOne.atlasLoginFunction -->
