<?xml version="1.0" encoding="UTF-8"?>
<!-- Generated by org.testng.reporters.JUnitReportReporter -->
<testsuite hostname="S081" failures="0" tests="1" name="Resources.Baseclass" time="3.309" errors="0" timestamp="2022-04-04T18:13:22 IST" skipped="0">
  <testcase classname="Resources.Baseclass" name="initializeDriver" time="3.309"/>
  <system-out/>
</testsuite> <!-- Resources.Baseclass -->
