<?xml version="1.0" encoding="UTF-8"?>
<!-- Generated by org.testng.reporters.JUnitReportReporter -->
<testsuite hostname="S081" failures="0" tests="1" name="E2EProjectOne.ValidateNavigationBar" time="0.044" errors="0" timestamp="2022-04-06T14:07:49 IST" skipped="0">
  <testcase classname="E2EProjectOne.ValidateNavigationBar" name="ValidateNavigation" time="0.044"/>
  <system-out/>
</testsuite> <!-- E2EProjectOne.ValidateNavigationBar -->
