<?xml version="1.0" encoding="UTF-8"?>
<!-- Generated by org.testng.reporters.JUnitReportReporter -->
<testsuite skipped="0" hostname="S081" name="E2EProjectOne.atlasLoginFunction" tests="2" failures="0" timestamp="2022-04-06T13:29:20 IST" time="11.272" errors="0">
  <testcase name="atlasUserLogin" time="3.932" classname="E2EProjectOne.atlasLoginFunction"/>
  <system-out/>
  <testcase name="atlasUserLogin" time="7.340" classname="E2EProjectOne.atlasLoginFunction"/>
  <system-out/>
</testsuite> <!-- E2EProjectOne.atlasLoginFunction -->
