<?xml version="1.0" encoding="UTF-8"?>
<!-- Generated by org.testng.reporters.JUnitReportReporter -->
<testsuite skipped="0" hostname="S081" name="E2EProjectOne.ValidateNavigationBar" tests="1" failures="0" timestamp="2022-04-06T13:33:08 IST" time="0.043" errors="0">
  <testcase name="ValidateNavigation" time="0.043" classname="E2EProjectOne.ValidateNavigationBar"/>
  <system-out/>
</testsuite> <!-- E2EProjectOne.ValidateNavigationBar -->
