<?xml version="1.0" encoding="UTF-8"?>
<!-- Generated by org.testng.reporters.JUnitReportReporter -->
<testsuite skipped="0" hostname="S081" name="E2EProjectOne.Homepage" tests="2" failures="0" timestamp="2022-04-06T13:33:08 IST" time="35.103" errors="0">
  <testcase name="homePageNavigation" time="16.613" classname="E2EProjectOne.Homepage"/>
  <system-out/>
  <testcase name="homePageNavigation" time="18.490" classname="E2EProjectOne.Homepage"/>
  <system-out/>
</testsuite> <!-- E2EProjectOne.Homepage -->
