<?xml version="1.0" encoding="UTF-8"?>
<!-- Generated by org.testng.reporters.JUnitReportReporter -->
<testsuite hostname="S081" failures="0" tests="1" name="E2EProjectOne.AppTest" time="0.005" errors="0" timestamp="2022-04-04T17:59:41 IST" skipped="0">
  <testcase classname="E2EProjectOne.AppTest" name="shouldAnswerWithTrue" time="0.005"/>
  <system-out/>
</testsuite> <!-- E2EProjectOne.AppTest -->
